<?xml version="1.0" encoding="UTF-8"?>
<testsuite name="MatricesTest" tests="9" skipped="0" failures="0" errors="0" timestamp="2017-01-19T08:31:15" hostname="Malachi.local" time="0.004">
  <properties/>
  <testcase name="sum_sumsAllElementsInSpecifiedDimension1_double" classname="MatricesTest" time="0.002"/>
  <testcase name="multiplyPairwise_multipliesMatricesElementByElement_2DdoubleArray" classname="MatricesTest" time="0.0"/>
  <testcase name="multiplyMatrix_standardMatrixMultiplication_2DdoubleArray" classname="MatricesTest" time="0.0"/>
  <testcase name="add_standardMatrixAddition_2DdoubleArray" classname="MatricesTest" time="0.0"/>
  <testcase name="sum_sumsAllElementsInSpecifiedDimension2_double" classname="MatricesTest" time="0.0"/>
  <testcase name="equals_compares2DMatricesForEquality_boolean" classname="MatricesTest" time="0.0"/>
  <testcase name="sum_sumsAllElementsInSpecifiedDimension0_double" classname="MatricesTest" time="0.0"/>
  <testcase name="multiplyScalar_scalarMultiplicationAcrossMatrix_2DdoubleArray" classname="MatricesTest" time="0.0"/>
  <testcase name="add_scalarAdditionAcrossMatrix_2DdoubleArray" classname="MatricesTest" time="0.0"/>
  <system-out><![CDATA[]]></system-out>
  <system-err><![CDATA[]]></system-err>
</testsuite>
